<?xml version="1.0" encoding="UTF-8"?>
<!-- Generated by org.testng.reporters.JUnitReportReporter -->
<testsuite hostname="LAPTOP-NHN3ETP0" failures="0" tests="1" name="day1.FindListOfElementsFromDropdown" time="6.008" errors="0" timestamp="2023-03-26T11:34:44 IST" skipped="0">
  <testcase classname="day1.FindListOfElementsFromDropdown" name="dropdown" time="6.008"/>
  <system-out/>
</testsuite> <!-- day1.FindListOfElementsFromDropdown -->
