<?xml version="1.0" encoding="UTF-8"?>
<!-- Generated by org.testng.reporters.JUnitReportReporter -->
<testsuite hostname="LAPTOP-NHN3ETP0" failures="0" tests="1" name="day1.RightClick" time="13.527" errors="0" timestamp="2023-03-26T12:00:13 IST" skipped="0">
  <testcase classname="day1.RightClick" name="Tc1" time="13.527"/>
  <system-out/>
</testsuite> <!-- day1.RightClick -->
