<?xml version="1.0" encoding="UTF-8"?>
<!-- Generated by org.testng.reporters.JUnitReportReporter -->
<testsuite hostname="LAPTOP-NHN3ETP0" failures="0" tests="1" name="day1.Class1" time="4.128" errors="0" timestamp="2023-06-03T11:56:30 IST" skipped="0">
  <testcase classname="day1.Class1" name="Tc1" time="4.128"/>
  <system-out/>
</testsuite> <!-- day1.Class1 -->
