<?xml version="1.0" encoding="UTF-8"?>
<!-- Generated by org.testng.reporters.JUnitReportReporter -->
<testsuite hostname="LAPTOP-NHN3ETP0" failures="0" tests="1" name="day1.Dropdown" time="11.771" errors="0" timestamp="2023-03-26T00:12:39 IST" skipped="0">
  <testcase classname="day1.Dropdown" name="dropdown" time="11.771"/>
  <system-out/>
</testsuite> <!-- day1.Dropdown -->
