<?xml version="1.0" encoding="UTF-8"?>
<!-- Generated by org.testng.reporters.JUnitReportReporter -->
<testsuite hostname="LAPTOP-NHN3ETP0" failures="0" tests="1" name="day1.MouseHover" time="9.220" errors="0" timestamp="2023-03-26T11:43:37 IST" skipped="0">
  <testcase classname="day1.MouseHover" name="TC1" time="9.220"/>
  <system-out/>
</testsuite> <!-- day1.MouseHover -->
