<?xml version="1.0" encoding="UTF-8"?>
<!-- Generated by org.testng.reporters.JUnitReportReporter -->
<testsuite hostname="LAPTOP-NHN3ETP0" failures="0" tests="1" name="day1.Frame" time="17.590" errors="0" timestamp="2023-03-26T11:40:18 IST" skipped="0">
  <testcase classname="day1.Frame" name="frame" time="17.590"/>
  <system-out/>
</testsuite> <!-- day1.Frame -->
