<?xml version="1.0" encoding="UTF-8"?>
<!-- Generated by org.testng.reporters.JUnitReportReporter -->
<testsuite hostname="LAPTOP-NHN3ETP0" failures="0" tests="1" name="day1.popup" time="6.613" errors="0" timestamp="2023-03-26T11:47:42 IST" skipped="0">
  <testcase classname="day1.popup" name="TC1" time="6.613"/>
  <system-out/>
</testsuite> <!-- day1.popup -->
